<?xml version="1.0" encoding="UTF-8"?>
<!-- Generated by org.testng.reporters.JUnitReportReporter -->
<testsuite hostname="Ajit-PC" name="dem.Tes" tests="1" failures="0" timestamp="2 Mar 2019 18:49:05 GMT" time="0.045" errors="0">
  <testcase name="demo" time="0.045" classname="dem.Tes"/>
</testsuite> <!-- dem.Tes -->
