<?xml version="1.0" encoding="UTF-8"?>
<!-- Generated by org.testng.reporters.JUnitReportReporter -->
<testsuite hostname="Ajit-PC" name="dem.demo1" tests="1" failures="0" timestamp="12 Mar 2019 17:40:38 GMT" time="0.060" errors="0">
  <testcase name="b" time="0.060" classname="dem.demo1"/>
</testsuite> <!-- dem.demo1 -->
