<?xml version="1.0" encoding="UTF-8"?>
<!-- Generated by org.testng.reporters.JUnitReportReporter -->
<testsuite hostname="Ajit-PC" name="dem.login" tests="1" failures="0" timestamp="12 Mar 2019 17:50:45 GMT" time="0.040" errors="0">
  <testcase name="test" time="0.040" classname="dem.login"/>
</testsuite> <!-- dem.login -->
